CRITICAL - 2021-12-03 03:37:29 --> Invalid file: navbar.php
#0 C:\AppServ\www\psp_website\system\View\View.php(198): CodeIgniter\Exceptions\FrameworkException::forInvalidFile('navbar.php')
#1 C:\AppServ\www\psp_website\system\Common.php(1097): CodeIgniter\View\View->render('navbar', Array, true)
#2 C:\AppServ\www\psp_website\app\Controllers\Home.php(9): view('navbar')
#3 C:\AppServ\www\psp_website\system\CodeIgniter.php(824): App\Controllers\Home->index()
#4 C:\AppServ\www\psp_website\system\CodeIgniter.php(410): CodeIgniter\CodeIgniter->runController(Object(App\Controllers\Home))
#5 C:\AppServ\www\psp_website\system\CodeIgniter.php(318): CodeIgniter\CodeIgniter->handleRequest(NULL, Object(Config\Cache), false)
#6 C:\AppServ\www\psp_website\public\index.php(37): CodeIgniter\CodeIgniter->run()
#7 C:\AppServ\www\psp_website\system\Commands\Server\rewrite.php(43): require_once('C:\\AppServ\\www\\...')
#8 {main}
CRITICAL - 2021-12-03 03:40:18 --> Invalid file: navbar.php
#0 C:\AppServ\www\psp_website\system\View\View.php(198): CodeIgniter\Exceptions\FrameworkException::forInvalidFile('navbar.php')
#1 C:\AppServ\www\psp_website\system\Common.php(1097): CodeIgniter\View\View->render('navbar', Array, true)
#2 C:\AppServ\www\psp_website\app\Controllers\Home.php(9): view('navbar')
#3 C:\AppServ\www\psp_website\system\CodeIgniter.php(824): App\Controllers\Home->index()
#4 C:\AppServ\www\psp_website\system\CodeIgniter.php(410): CodeIgniter\CodeIgniter->runController(Object(App\Controllers\Home))
#5 C:\AppServ\www\psp_website\system\CodeIgniter.php(318): CodeIgniter\CodeIgniter->handleRequest(NULL, Object(Config\Cache), false)
#6 C:\AppServ\www\psp_website\public\index.php(37): CodeIgniter\CodeIgniter->run()
#7 C:\AppServ\www\psp_website\system\Commands\Server\rewrite.php(43): require_once('C:\\AppServ\\www\\...')
#8 {main}
